[09:50:48] m
[09:50:48] l
[09:50:48] a
[09:50:48] m
[09:50:48] d
[09:50:49] k
[09:50:49] a
[09:50:49] m
[09:50:49] s
[09:50:49] d
[09:50:49] m
[09:50:49] a
[09:50:49] s
[09:50:49] m
[09:50:49] d
[09:50:49] m
[09:50:49] a
[09:50:49] l
[09:50:49] d
[09:50:49] k
[09:50:49] m
[09:50:50] [BACKSPACE]
[09:50:51] [BACKSPACE]
[09:50:51] [BACKSPACE]
[09:50:51] [BACKSPACE]
[09:50:51] [BACKSPACE]
[09:50:51] [BACKSPACE]
[09:50:51] [BACKSPACE]
[09:50:51] [BACKSPACE]
[09:50:51] [BACKSPACE]
[09:50:51] [BACKSPACE]
[09:50:51] [BACKSPACE]
[09:50:51] [BACKSPACE]
[09:50:51] [BACKSPACE]
[09:50:51] [BACKSPACE]
[09:50:51] [BACKSPACE]
[09:50:51] [BACKSPACE]
[09:50:51] [BACKSPACE]
[09:50:51] [BACKSPACE]
[09:50:51] [BACKSPACE]
[09:50:51] [BACKSPACE]
[09:50:51] [BACKSPACE]
[09:50:51] [BACKSPACE]
[09:50:51] [BACKSPACE]
[09:50:51] [BACKSPACE]
[09:50:51] [BACKSPACE]
[09:50:51] [BACKSPACE]
[09:50:51] [BACKSPACE]
[09:50:51] [BACKSPACE]
[09:50:51] [BACKSPACE]
[09:51:36] [SHIFT]
[09:51:36] [KEYCODE 161]
[09:51:36] .
[09:51:37] [ENTER]
[09:51:48] [SHIFT]
[09:51:48] [KEYCODE 161]
[09:51:48] .
[09:51:52] [CTRL]
[09:51:52] [KEYCODE 162]
[09:51:53] [ALT]
[09:51:53] [KEYCODE 164]
[09:51:53] n
[09:51:58] l
[09:51:58] k
[09:51:58] m
[09:51:58] a
[09:51:58] l
[09:51:58] k
[09:51:58] s
[09:51:58] d
[09:51:58] l
[09:51:58] a
[09:51:58] k
[09:51:58] s
[09:51:58] d
[09:51:59] l
[09:51:59] k
[09:51:59] a
[09:51:59] m
[09:51:59] l
[09:51:59] m
[09:51:59] k
[09:51:59] m
[09:51:59] c
[09:51:59] s
[09:51:59] k
[09:51:59] l
[09:51:59] n
[09:51:59] d
[09:51:59] l
[09:51:59] a
[09:51:59] m
[09:52:00] [BACKSPACE]
[09:52:00] [BACKSPACE]
[09:52:00] [BACKSPACE]
[09:52:00] [BACKSPACE]
[09:52:00] [BACKSPACE]
[09:52:00] [BACKSPACE]
[09:52:01] [BACKSPACE]
[09:52:01] [BACKSPACE]
[09:52:01] [BACKSPACE]
[09:52:01] [BACKSPACE]
[09:52:01] [BACKSPACE]
[09:52:01] [BACKSPACE]
[09:52:01] [BACKSPACE]
[09:52:01] [BACKSPACE]
[09:52:01] [BACKSPACE]
[09:52:01] [BACKSPACE]
[09:52:01] [BACKSPACE]
[09:52:01] [BACKSPACE]
[09:52:01] [BACKSPACE]
[09:52:01] [BACKSPACE]
[09:52:01] [BACKSPACE]
[09:52:01] [BACKSPACE]
[09:52:01] [BACKSPACE]
[09:52:01] [BACKSPACE]
[09:52:01] [BACKSPACE]
[09:52:01] [BACKSPACE]
[09:52:01] [BACKSPACE]
[09:52:01] [BACKSPACE]
[09:52:01] [BACKSPACE]
[09:52:02] [BACKSPACE]
[09:53:04] a
[09:53:04] n
[09:53:04] l
[09:53:04] k
[09:53:05] k
[09:53:05] l
[09:53:05] m
[09:53:05] l
[09:53:06] k
[09:53:06] m
[09:53:06] l
[09:53:06] k
[09:53:06] m
[09:53:06] a
[09:53:06] l
[09:53:06] m
[09:53:06] l
[09:53:06] s
[09:53:06] f
[09:53:06] k
[09:53:06] n
[09:53:06] l
[09:53:07] s
[09:53:07] k
[09:53:07] n
[09:53:07] f
[09:53:07] l
[09:53:07] k
[09:53:07] m
[09:53:07] d
[09:53:07] s
[09:53:07] l
[09:53:07] m
[09:53:07] l
[09:53:07] k
[09:53:07] m
[09:53:08] l
[09:53:08] k
[09:53:08] f
[09:53:08] m
[09:53:08] l
[09:53:08] s
[09:53:08] d
[09:53:08] f
[09:53:08] l
[09:53:08] k
[09:53:08] m
[09:53:08] d
[09:53:08] s
[09:53:08] l
[09:53:08] f
[09:53:08] m
[09:53:08] m
[09:53:09] l
[09:53:09] d
[09:53:09] f
[09:53:09] m
[09:53:09] s
[09:53:09] l
[09:53:09] k
[09:53:09] f
[09:53:09] m
[09:53:09] s
[09:53:09] x
[09:53:09] m
[09:53:10] m
[09:53:10] d
[09:53:10] m
[09:53:10] f
[09:53:10] l
[09:53:10] k
[09:53:10] m
[09:53:10] l
[09:53:10] s
[09:53:10] m
[09:53:10] f
[09:53:20] [CTRL]
[09:53:20] [KEYCODE 162]
